<?xml version="1.0" encoding="UTF-8"?>
<testsuite name="Tester" tests="8" skipped="0" failures="0" errors="0" timestamp="2020-01-30T13:52:08" hostname="recruit-Lenovo-Product" time="0.032">
  <properties/>
  <testcase name="threeNumbersDelimiter()" classname="Tester" time="0.014"/>
  <testcase name="singleValue()" classname="Tester" time="0.001"/>
  <testcase name="lengthDelimiter()" classname="Tester" time="0.001"/>
  <testcase name="Delimiterlength()" classname="Tester" time="0.001"/>
  <testcase name="isNegative()" classname="Tester" time="0.002"/>
  <testcase name="twoNumberReturnSum()" classname="Tester" time="0.001"/>
  <testcase name="emptyString()" classname="Tester" time="0.001"/>
  <testcase name="twoNumbersNewLine()" classname="Tester" time="0.001"/>
  <system-out><![CDATA[]]></system-out>
  <system-err><![CDATA[]]></system-err>
</testsuite>
